<?xml version="1.0" encoding="UTF-8" ?>
<testsuite tests="35" failures="0" name="steps.TestRunner" time="0.658" errors="0" skipped="35">
  <properties>
[...]
</properties>
  <testcase classname="Contact Form" name="Contact Form Success" time="0.044">
    <skipped/>
    <system-out>Feature: Contact Form

  Scenario Outline: Contact Form Success &amp;#27;[90m# src/test/resources/features/contact.feature:7&amp;#27;[0m
    &amp;#27;[36mAnd I select &quot;&lt;subject heading&gt;&quot;&amp;#27;[0m
    &amp;#27;[36mAnd I enter an email address &quot;&lt;email address&gt;&quot;&amp;#27;[0m
    &amp;#27;[36mAnd I write a message &quot;&lt;message&gt;&quot;&amp;#27;[0m
    &amp;#27;[36mAnd I click on button Send&amp;#27;[0m
    &amp;#27;[36mThen I receive success message &quot;&lt;success message&gt;&quot;&amp;#27;[0m

    Examples: 

  Background:                                           &amp;#27;[90m# src/test/resources/features/contact.feature:3&amp;#27;[0m
    &amp;#27;[33mGiven &amp;#27;[0m&amp;#27;[33mI access the website in automation.properties&amp;#27;[0m &amp;#27;[90m# null&amp;#27;[0m
    &amp;#27;[33mWhen &amp;#27;[0m&amp;#27;[33mI click on Contact us&amp;#27;[0m                          &amp;#27;[90m# null&amp;#27;[0m

  Scenario Outline: Contact Form Success                                                  &amp;#27;[90m# src/test/resources/features/contact.feature:16&amp;#27;[0m
    &amp;#27;[33mAnd &amp;#27;[0m&amp;#27;[33mI select &quot;Customer service&quot;&amp;#27;[0m                                                       &amp;#27;[90m# null&amp;#27;[0m
    &amp;#27;[33mAnd &amp;#27;[0m&amp;#27;[33mI enter an email address &quot;email@yahoo.com&quot;&amp;#27;[0m                                        &amp;#27;[90m# null&amp;#27;[0m
    &amp;#27;[33mAnd &amp;#27;[0m&amp;#27;[33mI write a message &quot;I request assistance&quot;&amp;#27;[0m                                          &amp;#27;[90m# null&amp;#27;[0m
    &amp;#27;[33mAnd &amp;#27;[0m&amp;#27;[33mI click on button Send&amp;#27;[0m                                                            &amp;#27;[90m# null&amp;#27;[0m
    &amp;#27;[33mThen &amp;#27;[0m&amp;#27;[33mI receive success message &quot;Your message has been successfully sent to our team.&quot;&amp;#27;[0m &amp;#27;[90m# null&amp;#27;[0m
</system-out>
    <system-err>Oct 22, 2019 10:38:13 AM cucumber.runtime.java.ObjectFactoryLoader loadSingleObjectFactory
INFO: Loading ObjectFactory via service loader: io.cucumber.spring.SpringFactory
</system-err>
  </testcase>
  <testcase classname="Contact Form" name="Contact Form Success" time="0.047">
    <skipped/>
  </testcase>
  <testcase classname="Contact Form" name="Contact Form Success" time="0.047">
    <skipped/>
  </testcase>
  <testcase classname="Contact Form" name="Contact Form Success" time="0.048">
    <skipped/>
  </testcase>
  <testcase classname="Contact Form" name="Contact Form Success" time="0.048">
    <skipped/>
  </testcase>
  <testcase classname="Contact Form" name="Contact Form Success" time="0.048">
    <skipped/>
  </testcase>
  <testcase classname="Contact Form" name="Contact Form Success" time="0.048">
    <skipped/>
  </testcase>
  <testcase classname="Contact Form" name="Contact Form Success" time="0.007">
    <skipped/>
    <system-out>
  Background:                                           &amp;#27;[90m# src/test/resources/features/contact.feature:3&amp;#27;[0m
    &amp;#27;[33mGiven &amp;#27;[0m&amp;#27;[33mI access the website in automation.properties&amp;#27;[0m &amp;#27;[90m# null&amp;#27;[0m
    &amp;#27;[33mWhen &amp;#27;[0m&amp;#27;[33mI click on Contact us&amp;#27;[0m                          &amp;#27;[90m# null&amp;#27;[0m

  Scenario Outline: Contact Form Success                                                  &amp;#27;[90m# src/test/resources/features/contact.feature:17&amp;#27;[0m
    &amp;#27;[33mAnd &amp;#27;[0m&amp;#27;[33mI select &quot;Webmaster&quot;&amp;#27;[0m                                                              &amp;#27;[90m# null&amp;#27;[0m
    &amp;#27;[33mAnd &amp;#27;[0m&amp;#27;[33mI enter an email address &quot;cat@yahoo.com&quot;&amp;#27;[0m                                          &amp;#27;[90m# null&amp;#27;[0m
    &amp;#27;[33mAnd &amp;#27;[0m&amp;#27;[33mI write a message &quot;I want milk&quot;&amp;#27;[0m                                                   &amp;#27;[90m# null&amp;#27;[0m
    &amp;#27;[33mAnd &amp;#27;[0m&amp;#27;[33mI click on button Send&amp;#27;[0m                                                            &amp;#27;[90m# null&amp;#27;[0m
    &amp;#27;[33mThen &amp;#27;[0m&amp;#27;[33mI receive success message &quot;Your message has been successfully sent to our team.&quot;&amp;#27;[0m &amp;#27;[90m# null&amp;#27;[0m
</system-out>
  </testcase>
  <testcase classname="Contact Form" name="Contact Form Success" time="0.007">
    <skipped/>
  </testcase>
  <testcase classname="Contact Form" name="Contact Form Success" time="0.007">
    <skipped/>
  </testcase>
  <testcase classname="Contact Form" name="Contact Form Success" time="0.007">
    <skipped/>
  </testcase>
  <testcase classname="Contact Form" name="Contact Form Success" time="0.007">
    <skipped/>
  </testcase>
  <testcase classname="Contact Form" name="Contact Form Success" time="0.007">
    <skipped/>
  </testcase>
  <testcase classname="Contact Form" name="Contact Form Success" time="0.007">
    <skipped/>
  </testcase>
  <testcase classname="Contact Form" name="Contact Form Failure" time="0.032">
    <skipped/>
    <system-out>
  Scenario Outline: Contact Form Failure &amp;#27;[90m# src/test/resources/features/contact.feature:19&amp;#27;[0m
    &amp;#27;[36mAnd I select &quot;&lt;subject heading&gt;&quot;&amp;#27;[0m
    &amp;#27;[36mAnd I enter an email address &quot;&lt;email address&gt;&quot;&amp;#27;[0m
    &amp;#27;[36mAnd I write a message &quot;&lt;message&gt;&quot;&amp;#27;[0m
    &amp;#27;[36mAnd I click on button Send&amp;#27;[0m
    &amp;#27;[36mThen I receive error message &quot;&lt;error message&gt;&quot;&amp;#27;[0m

    Examples: 

  Background:                                           &amp;#27;[90m# src/test/resources/features/contact.feature:3&amp;#27;[0m
    &amp;#27;[33mGiven &amp;#27;[0m&amp;#27;[33mI access the website in automation.properties&amp;#27;[0m &amp;#27;[90m# null&amp;#27;[0m
    &amp;#27;[33mWhen &amp;#27;[0m&amp;#27;[33mI click on Contact us&amp;#27;[0m                          &amp;#27;[90m# null&amp;#27;[0m

  Scenario Outline: Contact Form Failure                                           &amp;#27;[90m# src/test/resources/features/contact.feature:28&amp;#27;[0m
    &amp;#27;[33mAnd &amp;#27;[0m&amp;#27;[33mI select &quot;-- Choose --&quot;&amp;#27;[0m                                                    &amp;#27;[90m# null&amp;#27;[0m
    &amp;#27;[33mAnd &amp;#27;[0m&amp;#27;[33mI enter an email address &quot;email@yahoo.com&quot;&amp;#27;[0m                                 &amp;#27;[90m# null&amp;#27;[0m
    &amp;#27;[33mAnd &amp;#27;[0m&amp;#27;[33mI write a message &quot;I request assistance&quot;&amp;#27;[0m                                   &amp;#27;[90m# null&amp;#27;[0m
    &amp;#27;[33mAnd &amp;#27;[0m&amp;#27;[33mI click on button Send&amp;#27;[0m                                                     &amp;#27;[90m# null&amp;#27;[0m
    &amp;#27;[33mThen &amp;#27;[0m&amp;#27;[33mI receive error message &quot;Please select a subject from the list provided.&quot;&amp;#27;[0m &amp;#27;[90m# null&amp;#27;[0m
</system-out>
  </testcase>
  <testcase classname="Contact Form" name="Contact Form Failure" time="0.032">
    <skipped/>
  </testcase>
  <testcase classname="Contact Form" name="Contact Form Failure" time="0.032">
    <skipped/>
  </testcase>
  <testcase classname="Contact Form" name="Contact Form Failure" time="0.032">
    <skipped/>
  </testcase>
  <testcase classname="Contact Form" name="Contact Form Failure" time="0.032">
    <skipped/>
  </testcase>
  <testcase classname="Contact Form" name="Contact Form Failure" time="0.032">
    <skipped/>
  </testcase>
  <testcase classname="Contact Form" name="Contact Form Failure" time="0.032">
    <skipped/>
  </testcase>
  <testcase classname="Contact Form" name="Contact Form Failure" time="0.003">
    <skipped/>
    <system-out>
  Background:                                           &amp;#27;[90m# src/test/resources/features/contact.feature:3&amp;#27;[0m
    &amp;#27;[33mGiven &amp;#27;[0m&amp;#27;[33mI access the website in automation.properties&amp;#27;[0m &amp;#27;[90m# null&amp;#27;[0m
    &amp;#27;[33mWhen &amp;#27;[0m&amp;#27;[33mI click on Contact us&amp;#27;[0m                          &amp;#27;[90m# null&amp;#27;[0m

  Scenario Outline: Contact Form Failure                  &amp;#27;[90m# src/test/resources/features/contact.feature:29&amp;#27;[0m
    &amp;#27;[33mAnd &amp;#27;[0m&amp;#27;[33mI select &quot;Customer service&quot;&amp;#27;[0m                       &amp;#27;[90m# null&amp;#27;[0m
    &amp;#27;[33mAnd &amp;#27;[0m&amp;#27;[33mI enter an email address &quot;&quot;&amp;#27;[0m                       &amp;#27;[90m# null&amp;#27;[0m
    &amp;#27;[33mAnd &amp;#27;[0m&amp;#27;[33mI write a message &quot;I want milk&quot;&amp;#27;[0m                   &amp;#27;[90m# null&amp;#27;[0m
    &amp;#27;[33mAnd &amp;#27;[0m&amp;#27;[33mI click on button Send&amp;#27;[0m                            &amp;#27;[90m# null&amp;#27;[0m
    &amp;#27;[33mThen &amp;#27;[0m&amp;#27;[33mI receive error message &quot;Invalid email address.&quot;&amp;#27;[0m &amp;#27;[90m# null&amp;#27;[0m
</system-out>
  </testcase>
  <testcase classname="Contact Form" name="Contact Form Failure" time="0.004">
    <skipped/>
  </testcase>
  <testcase classname="Contact Form" name="Contact Form Failure" time="0.004">
    <skipped/>
  </testcase>
  <testcase classname="Contact Form" name="Contact Form Failure" time="0.004">
    <skipped/>
  </testcase>
  <testcase classname="Contact Form" name="Contact Form Failure" time="0.004">
    <skipped/>
  </testcase>
  <testcase classname="Contact Form" name="Contact Form Failure" time="0.004">
    <skipped/>
  </testcase>
  <testcase classname="Contact Form" name="Contact Form Failure" time="0.004">
    <skipped/>
  </testcase>
  <testcase classname="Contact Form" name="Contact Form Failure" time="0.004">
    <skipped/>
    <system-out>
  Background:                                           &amp;#27;[90m# src/test/resources/features/contact.feature:3&amp;#27;[0m
    &amp;#27;[33mGiven &amp;#27;[0m&amp;#27;[33mI access the website in automation.properties&amp;#27;[0m &amp;#27;[90m# null&amp;#27;[0m
    &amp;#27;[33mWhen &amp;#27;[0m&amp;#27;[33mI click on Contact us&amp;#27;[0m                          &amp;#27;[90m# null&amp;#27;[0m

  Scenario Outline: Contact Form Failure                        &amp;#27;[90m# src/test/resources/features/contact.feature:30&amp;#27;[0m
    &amp;#27;[33mAnd &amp;#27;[0m&amp;#27;[33mI select &quot;Webmaster&quot;&amp;#27;[0m                                    &amp;#27;[90m# null&amp;#27;[0m
    &amp;#27;[33mAnd &amp;#27;[0m&amp;#27;[33mI enter an email address &quot;email@address.com&quot;&amp;#27;[0m            &amp;#27;[90m# null&amp;#27;[0m
    &amp;#27;[33mAnd &amp;#27;[0m&amp;#27;[33mI write a message &quot;&quot;&amp;#27;[0m                                    &amp;#27;[90m# null&amp;#27;[0m
    &amp;#27;[33mAnd &amp;#27;[0m&amp;#27;[33mI click on button Send&amp;#27;[0m                                  &amp;#27;[90m# null&amp;#27;[0m
    &amp;#27;[33mThen &amp;#27;[0m&amp;#27;[33mI receive error message &quot;The message cannot be blank.&quot;&amp;#27;[0m &amp;#27;[90m# null&amp;#27;[0m
</system-out>
  </testcase>
  <testcase classname="Contact Form" name="Contact Form Failure" time="0.004">
    <skipped/>
  </testcase>
  <testcase classname="Contact Form" name="Contact Form Failure" time="0.004">
    <skipped/>
  </testcase>
  <testcase classname="Contact Form" name="Contact Form Failure" time="0.004">
    <skipped/>
  </testcase>
  <testcase classname="Contact Form" name="Contact Form Failure" time="0.004">
    <skipped/>
  </testcase>
  <testcase classname="Contact Form" name="Contact Form Failure" time="0.004">
    <skipped/>
  </testcase>
  <testcase classname="Contact Form" name="Contact Form Failure" time="0.004">
    <skipped/>
  </testcase>
</testsuite>